<?xml version="1.0" encoding="UTF-8"?>
<!-- Generated by org.testng.reporters.JUnitXMLReporter -->
<testsuite hostname="LAPTOP-BF6CQPM7" ignored="0" name="BankingApp Test" tests="3" failures="0" timestamp="25 Jul 2022 20:31:48 GMT" time="148.098" errors="0">
  <testcase name="loginTest" time="6.875" classname="com.netbanking.testcases.TC_LoginTest_001"/>
  <testcase name="LoginDDT" time="15.554" classname="com.netbanking.testcases.TC_LoginDDT_002"/>
  <testcase name="addNewCustomer" time="21.893" classname="com.netbanking.testcases.TC_AddNewCustomerTest_003"/>
</testsuite> <!-- BankingApp Test -->
